
The following have been reloaded with a version change:
  1) GCCcore/11.3.0 => GCCcore/12.3.0
  2) XZ/5.2.5-GCCcore-11.3.0 => XZ/5.4.2-GCCcore-12.3.0
  3) binutils/2.38-GCCcore-11.3.0 => binutils/2.40-GCCcore-12.3.0
  4) bzip2/1.0.8-GCCcore-11.3.0 => bzip2/1.0.8-GCCcore-12.3.0
  5) zlib/1.2.12-GCCcore-11.3.0 => zlib/1.2.13-GCCcore-12.3.0


The following have been reloaded with a version change:
  1) Java/11.0.18 => Java/17.0.6

Using GATK jar /apps/antwerpen/broadwell/rocky8/GATK/4.3.0.0-GCCcore-11.3.0-Java-11/gatk-package-4.3.0.0-local.jar
Running:
    java -Dsamjdk.use_async_io_read_samtools=false -Dsamjdk.use_async_io_write_samtools=true -Dsamjdk.use_async_io_write_tribble=false -Dsamjdk.compression_level=2 -jar /apps/antwerpen/broadwell/rocky8/GATK/4.3.0.0-GCCcore-11.3.0-Java-11/gatk-package-4.3.0.0-local.jar CombineGVCFs -R /user/antwerpen/205/vsc20587/scratch/leishmania_susl/data/refgenomes/Leishmania_donovani_16Nov2015beta.fa -V 001.gatk.g.vcf -V 002.gatk.g.vcf -V 003.gatk.g.vcf -V 004.gatk.g.vcf -V 005.gatk.g.vcf -V 006.gatk.g.vcf -V 007.gatk.g.vcf -V 008.gatk.g.vcf -V 009.gatk.g.vcf -V 010.gatk.g.vcf -V 011.gatk.g.vcf -V 012.gatk.g.vcf -V 013.gatk.g.vcf -V 014.gatk.g.vcf -V 015.gatk.g.vcf -V 016.gatk.g.vcf -V 017.gatk.g.vcf -V 018.gatk.g.vcf -V 019.gatk.g.vcf -V 020.gatk.g.vcf -V 021.gatk.g.vcf -V 022.gatk.g.vcf -V 023.gatk.g.vcf -V 024.gatk.g.vcf -V 025.gatk.g.vcf -V 026.gatk.g.vcf -V 027.gatk.g.vcf -V 028.gatk.g.vcf -V 029.gatk.g.vcf -V 030.gatk.g.vcf -V 031.gatk.g.vcf -V 032.gatk.g.vcf -V 033.gatk.g.vcf -V 034.gatk.g.vcf -V 035.gatk.g.vcf -V 036.gatk.g.vcf -O /user/antwerpen/205/vsc20587/scratch/leishmania_q_wgs/results/bwa//combined.g.vcf.gz
14:21:50.413 INFO  NativeLibraryLoader - Loading libgkl_compression.so from jar:file:/apps/antwerpen/broadwell/rocky8/GATK/4.3.0.0-GCCcore-11.3.0-Java-11/gatk-package-4.3.0.0-local.jar!/com/intel/gkl/native/libgkl_compression.so
14:21:50.575 INFO  CombineGVCFs - ------------------------------------------------------------
14:21:50.607 INFO  CombineGVCFs - The Genome Analysis Toolkit (GATK) v4.3.0.0
14:21:50.624 INFO  CombineGVCFs - For support and documentation go to https://software.broadinstitute.org/gatk/
14:21:50.671 INFO  CombineGVCFs - Executing as vsc20587@r3c03cn2.leibniz on Linux v4.18.0-513.24.1.el8_9.x86_64 amd64
14:21:50.685 INFO  CombineGVCFs - Java runtime: OpenJDK 64-Bit Server VM v17.0.6+10
14:21:50.721 INFO  CombineGVCFs - Start Date/Time: September 17, 2024 at 2:21:50 PM CEST
14:21:50.726 INFO  CombineGVCFs - ------------------------------------------------------------
14:21:50.756 INFO  CombineGVCFs - ------------------------------------------------------------
14:21:50.812 INFO  CombineGVCFs - HTSJDK Version: 3.0.1
14:21:50.863 INFO  CombineGVCFs - Picard Version: 2.27.5
14:21:50.914 INFO  CombineGVCFs - Built for Spark Version: 2.4.5
14:21:50.922 INFO  CombineGVCFs - HTSJDK Defaults.COMPRESSION_LEVEL : 2
14:21:50.962 INFO  CombineGVCFs - HTSJDK Defaults.USE_ASYNC_IO_READ_FOR_SAMTOOLS : false
14:21:50.987 INFO  CombineGVCFs - HTSJDK Defaults.USE_ASYNC_IO_WRITE_FOR_SAMTOOLS : true
14:21:51.018 INFO  CombineGVCFs - HTSJDK Defaults.USE_ASYNC_IO_WRITE_FOR_TRIBBLE : false
14:21:51.038 INFO  CombineGVCFs - Deflater: IntelDeflater
14:21:51.080 INFO  CombineGVCFs - Inflater: IntelInflater
14:21:51.115 INFO  CombineGVCFs - GCS max retries/reopens: 20
14:21:51.138 INFO  CombineGVCFs - Requester pays: disabled
14:21:51.143 INFO  CombineGVCFs - Initializing engine
14:21:53.088 INFO  FeatureManager - Using codec VCFCodec to read file file:///scratch/antwerpen/205/vsc20587/leishmania_q_wgs/results/bwa/001.gatk.g.vcf
14:21:54.490 INFO  FeatureManager - Using codec VCFCodec to read file file:///scratch/antwerpen/205/vsc20587/leishmania_q_wgs/results/bwa/002.gatk.g.vcf
14:21:55.949 INFO  FeatureManager - Using codec VCFCodec to read file file:///scratch/antwerpen/205/vsc20587/leishmania_q_wgs/results/bwa/003.gatk.g.vcf
14:21:57.115 INFO  FeatureManager - Using codec VCFCodec to read file file:///scratch/antwerpen/205/vsc20587/leishmania_q_wgs/results/bwa/004.gatk.g.vcf
14:21:58.069 INFO  FeatureManager - Using codec VCFCodec to read file file:///scratch/antwerpen/205/vsc20587/leishmania_q_wgs/results/bwa/005.gatk.g.vcf
14:21:59.443 INFO  FeatureManager - Using codec VCFCodec to read file file:///scratch/antwerpen/205/vsc20587/leishmania_q_wgs/results/bwa/006.gatk.g.vcf
14:22:00.723 INFO  FeatureManager - Using codec VCFCodec to read file file:///scratch/antwerpen/205/vsc20587/leishmania_q_wgs/results/bwa/007.gatk.g.vcf
14:22:01.680 INFO  FeatureManager - Using codec VCFCodec to read file file:///scratch/antwerpen/205/vsc20587/leishmania_q_wgs/results/bwa/008.gatk.g.vcf
14:22:02.506 INFO  FeatureManager - Using codec VCFCodec to read file file:///scratch/antwerpen/205/vsc20587/leishmania_q_wgs/results/bwa/009.gatk.g.vcf
14:22:03.377 INFO  FeatureManager - Using codec VCFCodec to read file file:///scratch/antwerpen/205/vsc20587/leishmania_q_wgs/results/bwa/010.gatk.g.vcf
14:22:04.298 INFO  FeatureManager - Using codec VCFCodec to read file file:///scratch/antwerpen/205/vsc20587/leishmania_q_wgs/results/bwa/011.gatk.g.vcf
14:22:05.701 INFO  FeatureManager - Using codec VCFCodec to read file file:///scratch/antwerpen/205/vsc20587/leishmania_q_wgs/results/bwa/012.gatk.g.vcf
14:22:06.658 INFO  FeatureManager - Using codec VCFCodec to read file file:///scratch/antwerpen/205/vsc20587/leishmania_q_wgs/results/bwa/013.gatk.g.vcf
14:22:07.816 INFO  FeatureManager - Using codec VCFCodec to read file file:///scratch/antwerpen/205/vsc20587/leishmania_q_wgs/results/bwa/014.gatk.g.vcf
14:22:07.914 INFO  FeatureManager - Using codec VCFCodec to read file file:///scratch/antwerpen/205/vsc20587/leishmania_q_wgs/results/bwa/015.gatk.g.vcf
14:22:08.841 INFO  FeatureManager - Using codec VCFCodec to read file file:///scratch/antwerpen/205/vsc20587/leishmania_q_wgs/results/bwa/016.gatk.g.vcf
14:22:10.214 INFO  FeatureManager - Using codec VCFCodec to read file file:///scratch/antwerpen/205/vsc20587/leishmania_q_wgs/results/bwa/017.gatk.g.vcf
14:22:10.584 INFO  FeatureManager - Using codec VCFCodec to read file file:///scratch/antwerpen/205/vsc20587/leishmania_q_wgs/results/bwa/018.gatk.g.vcf
14:22:11.805 INFO  FeatureManager - Using codec VCFCodec to read file file:///scratch/antwerpen/205/vsc20587/leishmania_q_wgs/results/bwa/019.gatk.g.vcf
14:22:12.736 INFO  FeatureManager - Using codec VCFCodec to read file file:///scratch/antwerpen/205/vsc20587/leishmania_q_wgs/results/bwa/020.gatk.g.vcf
14:22:14.003 INFO  FeatureManager - Using codec VCFCodec to read file file:///scratch/antwerpen/205/vsc20587/leishmania_q_wgs/results/bwa/021.gatk.g.vcf
14:22:14.575 INFO  FeatureManager - Using codec VCFCodec to read file file:///scratch/antwerpen/205/vsc20587/leishmania_q_wgs/results/bwa/022.gatk.g.vcf
14:22:14.596 INFO  FeatureManager - Using codec VCFCodec to read file file:///scratch/antwerpen/205/vsc20587/leishmania_q_wgs/results/bwa/023.gatk.g.vcf
14:22:15.705 INFO  FeatureManager - Using codec VCFCodec to read file file:///scratch/antwerpen/205/vsc20587/leishmania_q_wgs/results/bwa/024.gatk.g.vcf
14:22:16.927 INFO  FeatureManager - Using codec VCFCodec to read file file:///scratch/antwerpen/205/vsc20587/leishmania_q_wgs/results/bwa/025.gatk.g.vcf
14:22:18.147 INFO  FeatureManager - Using codec VCFCodec to read file file:///scratch/antwerpen/205/vsc20587/leishmania_q_wgs/results/bwa/026.gatk.g.vcf
14:22:19.250 INFO  FeatureManager - Using codec VCFCodec to read file file:///scratch/antwerpen/205/vsc20587/leishmania_q_wgs/results/bwa/027.gatk.g.vcf
14:22:20.699 INFO  FeatureManager - Using codec VCFCodec to read file file:///scratch/antwerpen/205/vsc20587/leishmania_q_wgs/results/bwa/028.gatk.g.vcf
14:22:20.827 INFO  FeatureManager - Using codec VCFCodec to read file file:///scratch/antwerpen/205/vsc20587/leishmania_q_wgs/results/bwa/029.gatk.g.vcf
14:22:21.939 INFO  FeatureManager - Using codec VCFCodec to read file file:///scratch/antwerpen/205/vsc20587/leishmania_q_wgs/results/bwa/030.gatk.g.vcf
14:22:22.932 INFO  FeatureManager - Using codec VCFCodec to read file file:///scratch/antwerpen/205/vsc20587/leishmania_q_wgs/results/bwa/031.gatk.g.vcf
14:22:23.919 INFO  FeatureManager - Using codec VCFCodec to read file file:///scratch/antwerpen/205/vsc20587/leishmania_q_wgs/results/bwa/032.gatk.g.vcf
14:22:24.572 INFO  FeatureManager - Using codec VCFCodec to read file file:///scratch/antwerpen/205/vsc20587/leishmania_q_wgs/results/bwa/033.gatk.g.vcf
14:22:25.836 INFO  FeatureManager - Using codec VCFCodec to read file file:///scratch/antwerpen/205/vsc20587/leishmania_q_wgs/results/bwa/034.gatk.g.vcf
14:22:26.688 INFO  FeatureManager - Using codec VCFCodec to read file file:///scratch/antwerpen/205/vsc20587/leishmania_q_wgs/results/bwa/035.gatk.g.vcf
14:22:27.835 INFO  FeatureManager - Using codec VCFCodec to read file file:///scratch/antwerpen/205/vsc20587/leishmania_q_wgs/results/bwa/036.gatk.g.vcf
14:22:36.265 INFO  CombineGVCFs - Done initializing engine
14:22:36.792 INFO  ProgressMeter - Starting traversal
14:22:36.804 INFO  ProgressMeter -        Current Locus  Elapsed Minutes    Variants Processed  Variants/Minute
14:22:37.854 WARN  ReferenceConfidenceVariantContextMerger - Detected invalid annotations: When trying to merge variant contexts at location Ld01:418 the annotation MLEAC=[1, 0] was not a numerical value and was ignored
14:22:46.888 INFO  ProgressMeter -          Ld01:285961              0.2                483000        2894237.5
14:22:56.889 INFO  ProgressMeter -          Ld03:109410              0.3               1084000        3249725.2
14:23:06.896 INFO  ProgressMeter -          Ld04:227737              0.5               1735000        3467572.7
14:23:16.907 INFO  ProgressMeter -          Ld05:344248              0.7               2325000        3484712.2
14:23:26.929 INFO  ProgressMeter -          Ld07:130585              0.8               2950000        3536180.9
14:23:36.936 INFO  ProgressMeter -          Ld08:278313              1.0               3622000        3618321.4
14:23:46.940 INFO  ProgressMeter -          Ld09:402679              1.2               4280000        3665168.1
14:23:56.947 INFO  ProgressMeter -          Ld10:388626              1.3               4901000        3672444.8
14:24:06.949 INFO  ProgressMeter -          Ld11:484665              1.5               5542000        3691631.3
14:24:16.961 INFO  ProgressMeter -          Ld12:586095              1.7               6110000        3662849.9
14:24:26.968 INFO  ProgressMeter -          Ld13:453445              1.8               6716000        3660178.2
14:24:36.980 INFO  ProgressMeter -          Ld14:267213              2.0               7319000        3656300.7
14:24:46.984 INFO  ProgressMeter -          Ld15:100826              2.2               7929000        3656472.6
14:24:56.994 INFO  ProgressMeter -          Ld16:212883              2.3               8572000        3670620.5
14:25:07.004 INFO  ProgressMeter -          Ld17:216809              2.5               9161000        3661251.3
14:25:17.037 INFO  ProgressMeter -          Ld18:108276              2.7               9715000        3639440.1
14:25:27.054 INFO  ProgressMeter -          Ld18:660760              2.8              10288000        3627239.6
14:25:37.057 INFO  ProgressMeter -          Ld19:381433              3.0              10875000        3621338.4
14:25:47.058 INFO  ProgressMeter -          Ld20:178998              3.2              11547000        3642912.4
14:25:57.068 INFO  ProgressMeter -          Ld21:121798              3.3              12195000        3654973.0
14:26:07.072 INFO  ProgressMeter -          Ld21:695855              3.5              12844000        3666275.0
14:26:17.083 INFO  ProgressMeter -          Ld22:397229              3.7              13413000        3654635.6
14:26:27.088 INFO  ProgressMeter -          Ld23:420219              3.8              14043000        3660001.8
14:26:37.097 INFO  ProgressMeter -          Ld24:574948              4.0              14660000        3661613.0
14:26:47.109 INFO  ProgressMeter -          Ld25:239855              4.2              15196000        3643644.1
14:26:57.111 INFO  ProgressMeter -          Ld25:785496              4.3              15774000        3636852.7
14:27:07.118 INFO  ProgressMeter -          Ld26:610850              4.5              16286000        3615856.8
14:27:17.120 INFO  ProgressMeter -          Ld27:290361              4.7              16791000        3594938.7
14:27:27.138 INFO  ProgressMeter -          Ld27:848563              4.8              17287000        3573380.0
14:27:37.154 INFO  ProgressMeter -          Ld28:335655              5.0              17809000        3558490.6
14:27:47.159 INFO  ProgressMeter -         Ld28:1003838              5.2              18365000        3551262.7
14:27:57.177 INFO  ProgressMeter -          Ld29:506572              5.3              18930000        3546028.4
14:28:07.184 INFO  ProgressMeter -          Ld29:945595              5.5              19472000        3537051.7
14:28:17.191 INFO  ProgressMeter -          Ld30:278168              5.7              19981000        3522784.7
14:28:27.191 INFO  ProgressMeter -          Ld30:915971              5.8              20503000        3511629.5
14:28:37.199 INFO  ProgressMeter -         Ld30:1379539              6.0              21040000        3503513.5
14:28:47.201 INFO  ProgressMeter -          Ld31:923494              6.2              21613000        3501725.5
14:28:57.215 INFO  ProgressMeter -          Ld32:261134              6.3              22174000        3498028.1
14:29:07.215 INFO  ProgressMeter -          Ld32:892966              6.5              22678000        3485884.1
14:29:17.223 INFO  ProgressMeter -          Ld33:401682              6.7              23245000        3483719.2
14:29:27.227 INFO  ProgressMeter -         Ld33:1365076              6.8              23820000        3482863.5
14:29:37.250 INFO  ProgressMeter -          Ld34:367456              7.0              24436000        3487743.1
14:29:47.250 INFO  ProgressMeter -          Ld34:853775              7.2              25009000        3486587.3
14:29:57.255 INFO  ProgressMeter -         Ld34:1357549              7.3              25517000        3476588.4
14:30:07.257 INFO  ProgressMeter -            Ld35:3647              7.5              26004000        3464259.2
14:30:17.258 INFO  ProgressMeter -          Ld35:562303              7.7              26607000        3467591.1
14:30:27.288 INFO  ProgressMeter -         Ld35:1358175              7.8              27110000        3457812.6
14:30:37.295 INFO  ProgressMeter -         Ld35:1974518              8.0              27614000        3448732.4
14:30:47.321 INFO  ProgressMeter -          Ld36:340884              8.2              28133000        3441724.5
14:30:57.332 INFO  ProgressMeter -          Ld36:936282              8.3              28635000        3433062.2
14:31:07.355 INFO  ProgressMeter -         Ld36:1605164              8.5              29158000        3427127.4
14:31:17.361 INFO  ProgressMeter -         Ld36:2113525              8.7              29628000        3415423.3
14:31:27.371 INFO  ProgressMeter -         Ld36:2581061              8.8              30111000        3405605.3
14:31:31.729 INFO  ProgressMeter -           Ld37:30796              8.9              30337536        3403269.2
14:31:31.762 INFO  ProgressMeter - Traversal complete. Processed 30337536 total variants in 8.9 minutes.
14:31:31.944 INFO  CombineGVCFs - Shutting down engine
[September 17, 2024 at 2:31:32 PM CEST] org.broadinstitute.hellbender.tools.walkers.CombineGVCFs done. Elapsed time: 9.70 minutes.
Runtime.totalMemory()=408944640
Using GATK jar /apps/antwerpen/broadwell/rocky8/GATK/4.3.0.0-GCCcore-11.3.0-Java-11/gatk-package-4.3.0.0-local.jar
Running:
    java -Dsamjdk.use_async_io_read_samtools=false -Dsamjdk.use_async_io_write_samtools=true -Dsamjdk.use_async_io_write_tribble=false -Dsamjdk.compression_level=2 -jar /apps/antwerpen/broadwell/rocky8/GATK/4.3.0.0-GCCcore-11.3.0-Java-11/gatk-package-4.3.0.0-local.jar IndexFeatureFile --input /user/antwerpen/205/vsc20587/scratch/leishmania_q_wgs/results/bwa//combined.g.vcf.gz
14:31:34.422 INFO  NativeLibraryLoader - Loading libgkl_compression.so from jar:file:/apps/antwerpen/broadwell/rocky8/GATK/4.3.0.0-GCCcore-11.3.0-Java-11/gatk-package-4.3.0.0-local.jar!/com/intel/gkl/native/libgkl_compression.so
14:31:34.545 INFO  IndexFeatureFile - ------------------------------------------------------------
14:31:34.646 INFO  IndexFeatureFile - The Genome Analysis Toolkit (GATK) v4.3.0.0
14:31:34.664 INFO  IndexFeatureFile - For support and documentation go to https://software.broadinstitute.org/gatk/
14:31:34.665 INFO  IndexFeatureFile - Executing as vsc20587@r3c03cn2.leibniz on Linux v4.18.0-513.24.1.el8_9.x86_64 amd64
14:31:34.668 INFO  IndexFeatureFile - Java runtime: OpenJDK 64-Bit Server VM v17.0.6+10
14:31:34.678 INFO  IndexFeatureFile - Start Date/Time: September 17, 2024 at 2:31:34 PM CEST
14:31:34.688 INFO  IndexFeatureFile - ------------------------------------------------------------
14:31:34.694 INFO  IndexFeatureFile - ------------------------------------------------------------
14:31:34.700 INFO  IndexFeatureFile - HTSJDK Version: 3.0.1
14:31:34.705 INFO  IndexFeatureFile - Picard Version: 2.27.5
14:31:34.706 INFO  IndexFeatureFile - Built for Spark Version: 2.4.5
14:31:34.790 INFO  IndexFeatureFile - HTSJDK Defaults.COMPRESSION_LEVEL : 2
14:31:34.798 INFO  IndexFeatureFile - HTSJDK Defaults.USE_ASYNC_IO_READ_FOR_SAMTOOLS : false
14:31:34.834 INFO  IndexFeatureFile - HTSJDK Defaults.USE_ASYNC_IO_WRITE_FOR_SAMTOOLS : true
14:31:34.838 INFO  IndexFeatureFile - HTSJDK Defaults.USE_ASYNC_IO_WRITE_FOR_TRIBBLE : false
14:31:34.917 INFO  IndexFeatureFile - Deflater: IntelDeflater
14:31:34.975 INFO  IndexFeatureFile - Inflater: IntelInflater
14:31:34.987 INFO  IndexFeatureFile - GCS max retries/reopens: 20
14:31:34.999 INFO  IndexFeatureFile - Requester pays: disabled
14:31:35.002 INFO  IndexFeatureFile - Initializing engine
14:31:35.008 INFO  IndexFeatureFile - Done initializing engine
14:31:35.173 INFO  FeatureManager - Using codec VCFCodec to read file file:///user/antwerpen/205/vsc20587/scratch/leishmania_q_wgs/results/bwa/combined.g.vcf.gz
14:31:35.196 INFO  ProgressMeter - Starting traversal
14:31:35.201 INFO  ProgressMeter -        Current Locus  Elapsed Minutes     Records Processed   Records/Minute
14:31:45.207 INFO  ProgressMeter -          Ld25:236808              0.2               2306000       13836000.0
14:31:55.206 INFO  ProgressMeter -          Ld36:502726              0.3               4705000       14115000.0
14:31:57.006 WARN  IntelInflater - Zero Bytes Written : 0
14:31:57.013 INFO  ProgressMeter -           Ld37:30832              0.4               5131211       14118065.8
14:31:57.024 INFO  ProgressMeter - Traversal complete. Processed 5131211 total records in 0.4 minutes.
14:31:57.208 INFO  IndexFeatureFile - Successfully wrote index to /user/antwerpen/205/vsc20587/scratch/leishmania_q_wgs/results/bwa/combined.g.vcf.gz.tbi
14:31:57.231 INFO  IndexFeatureFile - Shutting down engine
[September 17, 2024 at 2:31:57 PM CEST] org.broadinstitute.hellbender.tools.IndexFeatureFile done. Elapsed time: 0.38 minutes.
Runtime.totalMemory()=335544320
Tool returned:
/user/antwerpen/205/vsc20587/scratch/leishmania_q_wgs/results/bwa/combined.g.vcf.gz.tbi
Using GATK jar /apps/antwerpen/broadwell/rocky8/GATK/4.3.0.0-GCCcore-11.3.0-Java-11/gatk-package-4.3.0.0-local.jar
Running:
    java -Dsamjdk.use_async_io_read_samtools=false -Dsamjdk.use_async_io_write_samtools=true -Dsamjdk.use_async_io_write_tribble=false -Dsamjdk.compression_level=2 -jar /apps/antwerpen/broadwell/rocky8/GATK/4.3.0.0-GCCcore-11.3.0-Java-11/gatk-package-4.3.0.0-local.jar GenotypeGVCFs -R /user/antwerpen/205/vsc20587/scratch/leishmania_susl/data/refgenomes/Leishmania_donovani_16Nov2015beta.fa -V /user/antwerpen/205/vsc20587/scratch/leishmania_q_wgs/results/bwa//combined.g.vcf.gz -O /user/antwerpen/205/vsc20587/scratch/leishmania_q_wgs/results/bwa//combined.vcf.gz
14:31:59.517 INFO  NativeLibraryLoader - Loading libgkl_compression.so from jar:file:/apps/antwerpen/broadwell/rocky8/GATK/4.3.0.0-GCCcore-11.3.0-Java-11/gatk-package-4.3.0.0-local.jar!/com/intel/gkl/native/libgkl_compression.so
14:31:59.658 INFO  GenotypeGVCFs - ------------------------------------------------------------
14:31:59.720 INFO  GenotypeGVCFs - The Genome Analysis Toolkit (GATK) v4.3.0.0
14:31:59.736 INFO  GenotypeGVCFs - For support and documentation go to https://software.broadinstitute.org/gatk/
14:31:59.771 INFO  GenotypeGVCFs - Executing as vsc20587@r3c03cn2.leibniz on Linux v4.18.0-513.24.1.el8_9.x86_64 amd64
14:31:59.776 INFO  GenotypeGVCFs - Java runtime: OpenJDK 64-Bit Server VM v17.0.6+10
14:31:59.801 INFO  GenotypeGVCFs - Start Date/Time: September 17, 2024 at 2:31:59 PM CEST
14:31:59.816 INFO  GenotypeGVCFs - ------------------------------------------------------------
14:31:59.838 INFO  GenotypeGVCFs - ------------------------------------------------------------
14:31:59.845 INFO  GenotypeGVCFs - HTSJDK Version: 3.0.1
14:31:59.852 INFO  GenotypeGVCFs - Picard Version: 2.27.5
14:31:59.855 INFO  GenotypeGVCFs - Built for Spark Version: 2.4.5
14:31:59.906 INFO  GenotypeGVCFs - HTSJDK Defaults.COMPRESSION_LEVEL : 2
14:31:59.924 INFO  GenotypeGVCFs - HTSJDK Defaults.USE_ASYNC_IO_READ_FOR_SAMTOOLS : false
14:31:59.960 INFO  GenotypeGVCFs - HTSJDK Defaults.USE_ASYNC_IO_WRITE_FOR_SAMTOOLS : true
14:31:59.971 INFO  GenotypeGVCFs - HTSJDK Defaults.USE_ASYNC_IO_WRITE_FOR_TRIBBLE : false
14:32:00.034 INFO  GenotypeGVCFs - Deflater: IntelDeflater
14:32:00.045 INFO  GenotypeGVCFs - Inflater: IntelInflater
14:32:00.049 INFO  GenotypeGVCFs - GCS max retries/reopens: 20
14:32:00.052 INFO  GenotypeGVCFs - Requester pays: disabled
14:32:00.053 INFO  GenotypeGVCFs - Initializing engine
14:32:00.717 INFO  FeatureManager - Using codec VCFCodec to read file file:///user/antwerpen/205/vsc20587/scratch/leishmania_q_wgs/results/bwa/combined.g.vcf.gz
14:32:00.875 INFO  GenotypeGVCFs - Done initializing engine
14:32:01.047 INFO  ProgressMeter - Starting traversal
14:32:01.052 INFO  ProgressMeter -        Current Locus  Elapsed Minutes    Variants Processed  Variants/Minute
14:32:11.131 INFO  ProgressMeter -            Ld02:3350              0.2                 74000         440607.3
14:32:21.205 INFO  ProgressMeter -           Ld03:27774              0.3                151000         449627.8
14:32:31.428 INFO  ProgressMeter -          Ld04:135595              0.5                243000         480015.8
14:32:41.467 INFO  ProgressMeter -          Ld05:179173              0.7                333000         494395.4
14:32:51.562 INFO  ProgressMeter -          Ld06:313505              0.8                409000         485863.6
14:33:01.646 INFO  ProgressMeter -          Ld07:559642              1.0                493000         488183.3
14:33:11.795 INFO  ProgressMeter -           Ld09:64479              1.2                586000         497031.4
14:33:21.840 INFO  ProgressMeter -          Ld10:219075              1.3                677000         502809.9
14:33:31.907 INFO  ProgressMeter -          Ld11:218658              1.5                769000         507853.3
14:33:42.024 INFO  ProgressMeter -          Ld12:387642              1.7                861000         511637.1
14:33:52.057 INFO  ProgressMeter -          Ld13:216924              1.9                950000         513499.6
14:34:02.117 INFO  ProgressMeter -          Ld14:141163              2.0               1055000         522868.3
14:34:12.255 INFO  ProgressMeter -          Ld14:524133              2.2               1147000         524538.7
14:34:22.309 INFO  ProgressMeter -          Ld15:649170              2.4               1242000         527556.5
14:34:32.348 INFO  ProgressMeter -          Ld17:124677              2.5               1350000         535381.4
14:34:42.384 INFO  ProgressMeter -          Ld18:127807              2.7               1468000         545961.7
14:34:52.448 INFO  ProgressMeter -          Ld19:101471              2.9               1594000         558012.5
14:35:02.506 INFO  ProgressMeter -          Ld19:599011              3.0               1699000         561801.5
14:35:12.535 INFO  ProgressMeter -          Ld20:424508              3.2               1789000         560577.8
14:35:22.600 INFO  ProgressMeter -          Ld21:302848              3.4               1866000         555505.9
14:35:32.801 INFO  ProgressMeter -          Ld21:692608              3.5               1937000         548862.6
14:35:42.936 INFO  ProgressMeter -          Ld22:268221              3.7               2000000         540828.0
14:35:53.021 INFO  ProgressMeter -          Ld23:253706              3.9               2110000         545767.3
14:36:03.103 INFO  ProgressMeter -          Ld24:706555              4.0               2227000         552037.0
14:36:13.165 INFO  ProgressMeter -          Ld25:461192              4.2               2352000         559753.4
14:36:23.269 INFO  ProgressMeter -          Ld26:502616              4.4               2477000         566786.8
14:36:33.322 INFO  ProgressMeter -          Ld27:324422              4.5               2594000         571644.7
14:36:43.349 INFO  ProgressMeter -         Ld27:1034522              4.7               2717000         577481.0
14:36:53.402 INFO  ProgressMeter -          Ld28:674619              4.9               2839000         582661.8
14:37:03.444 INFO  ProgressMeter -          Ld29:421307              5.0               2958000         586924.2
14:37:13.444 INFO  ProgressMeter -         Ld29:1013361              5.2               3085000         592528.6
14:37:23.474 INFO  ProgressMeter -          Ld30:510839              5.4               3209000         597171.4
14:37:33.487 INFO  ProgressMeter -         Ld30:1127952              5.5               3335000         601925.8
14:37:43.594 INFO  ProgressMeter -          Ld31:672642              5.7               3446000         603610.1
14:37:49.815 WARN  MinimalGenotypingEngine - Attempting to genotype more than 50 alleles. Site will be skipped at location Ld31:1241122
14:37:53.653 INFO  ProgressMeter -          Ld32:146522              5.9               3551000         604255.8
14:38:03.714 INFO  ProgressMeter -          Ld32:892536              6.0               3672000         607511.2
14:38:13.774 INFO  ProgressMeter -          Ld33:584312              6.2               3782000         608821.6
14:38:23.785 INFO  ProgressMeter -           Ld34:65617              6.4               3888000         609514.3
14:38:33.871 INFO  ProgressMeter -          Ld34:730852              6.5               4014000         613109.9
14:38:43.936 INFO  ProgressMeter -         Ld34:1276966              6.7               4141000         616706.6
14:38:53.978 INFO  ProgressMeter -            Ld35:2777              6.9               4260000         619000.1
14:39:04.079 INFO  ProgressMeter -          Ld35:751297              7.1               4377000         620814.4
14:39:14.083 INFO  ProgressMeter -         Ld35:1587769              7.2               4500000         623514.8
14:39:24.146 INFO  ProgressMeter -          Ld36:120907              7.4               4623000         626009.9
14:39:34.166 INFO  ProgressMeter -          Ld36:732405              7.6               4751000         629116.0
14:39:44.196 INFO  ProgressMeter -         Ld36:1500196              7.7               4866000         630389.8
14:39:54.289 INFO  ProgressMeter -         Ld36:2149703              7.9               4997000         633554.2
14:40:04.320 INFO  ProgressMeter -         Ld36:2595863              8.1               5091000         632074.3
14:40:07.711 WARN  IntelInflater - Zero Bytes Written : 0
14:40:07.816 INFO  ProgressMeter -           Ld37:30832              8.1               5131211         632491.2
14:40:07.846 INFO  ProgressMeter - Traversal complete. Processed 5131211 total variants in 8.1 minutes.
14:40:08.080 INFO  GenotypeGVCFs - Shutting down engine
[September 17, 2024 at 2:40:08 PM CEST] org.broadinstitute.hellbender.tools.walkers.GenotypeGVCFs done. Elapsed time: 8.14 minutes.
Runtime.totalMemory()=243269632
Using GATK jar /apps/antwerpen/broadwell/rocky8/GATK/4.3.0.0-GCCcore-11.3.0-Java-11/gatk-package-4.3.0.0-local.jar
Running:
    java -Dsamjdk.use_async_io_read_samtools=false -Dsamjdk.use_async_io_write_samtools=true -Dsamjdk.use_async_io_write_tribble=false -Dsamjdk.compression_level=2 -jar /apps/antwerpen/broadwell/rocky8/GATK/4.3.0.0-GCCcore-11.3.0-Java-11/gatk-package-4.3.0.0-local.jar SelectVariants -V /user/antwerpen/205/vsc20587/scratch/leishmania_q_wgs/results/bwa//combined.vcf.gz --select-type-to-include SNP -O /user/antwerpen/205/vsc20587/scratch/leishmania_q_wgs/results/bwa//combined_snps.vcf.gz
14:40:10.608 INFO  NativeLibraryLoader - Loading libgkl_compression.so from jar:file:/apps/antwerpen/broadwell/rocky8/GATK/4.3.0.0-GCCcore-11.3.0-Java-11/gatk-package-4.3.0.0-local.jar!/com/intel/gkl/native/libgkl_compression.so
14:40:10.802 INFO  SelectVariants - ------------------------------------------------------------
14:40:10.899 INFO  SelectVariants - The Genome Analysis Toolkit (GATK) v4.3.0.0
14:40:11.010 INFO  SelectVariants - For support and documentation go to https://software.broadinstitute.org/gatk/
14:40:11.063 INFO  SelectVariants - Executing as vsc20587@r3c03cn2.leibniz on Linux v4.18.0-513.24.1.el8_9.x86_64 amd64
14:40:11.086 INFO  SelectVariants - Java runtime: OpenJDK 64-Bit Server VM v17.0.6+10
14:40:11.115 INFO  SelectVariants - Start Date/Time: September 17, 2024 at 2:40:10 PM CEST
14:40:11.203 INFO  SelectVariants - ------------------------------------------------------------
14:40:11.271 INFO  SelectVariants - ------------------------------------------------------------
14:40:11.284 INFO  SelectVariants - HTSJDK Version: 3.0.1
14:40:11.339 INFO  SelectVariants - Picard Version: 2.27.5
14:40:11.502 INFO  SelectVariants - Built for Spark Version: 2.4.5
14:40:11.526 INFO  SelectVariants - HTSJDK Defaults.COMPRESSION_LEVEL : 2
14:40:11.545 INFO  SelectVariants - HTSJDK Defaults.USE_ASYNC_IO_READ_FOR_SAMTOOLS : false
14:40:11.566 INFO  SelectVariants - HTSJDK Defaults.USE_ASYNC_IO_WRITE_FOR_SAMTOOLS : true
14:40:11.615 INFO  SelectVariants - HTSJDK Defaults.USE_ASYNC_IO_WRITE_FOR_TRIBBLE : false
14:40:11.629 INFO  SelectVariants - Deflater: IntelDeflater
14:40:11.640 INFO  SelectVariants - Inflater: IntelInflater
14:40:11.649 INFO  SelectVariants - GCS max retries/reopens: 20
14:40:11.657 INFO  SelectVariants - Requester pays: disabled
14:40:11.671 INFO  SelectVariants - Initializing engine
14:40:12.725 INFO  FeatureManager - Using codec VCFCodec to read file file:///user/antwerpen/205/vsc20587/scratch/leishmania_q_wgs/results/bwa/combined.vcf.gz
14:40:12.944 INFO  SelectVariants - Done initializing engine
14:40:13.105 INFO  ProgressMeter - Starting traversal
14:40:13.108 INFO  ProgressMeter -        Current Locus  Elapsed Minutes    Variants Processed  Variants/Minute
14:40:15.978 WARN  IntelInflater - Zero Bytes Written : 0
14:40:16.081 INFO  ProgressMeter -         Ld36:2693525              0.0                 71344        1441778.4
14:40:16.086 INFO  ProgressMeter - Traversal complete. Processed 71344 total variants in 0.0 minutes.
14:40:16.236 INFO  SelectVariants - Shutting down engine
[September 17, 2024 at 2:40:16 PM CEST] org.broadinstitute.hellbender.tools.walkers.variantutils.SelectVariants done. Elapsed time: 0.09 minutes.
Runtime.totalMemory()=182452224
Using GATK jar /apps/antwerpen/broadwell/rocky8/GATK/4.3.0.0-GCCcore-11.3.0-Java-11/gatk-package-4.3.0.0-local.jar
Running:
    java -Dsamjdk.use_async_io_read_samtools=false -Dsamjdk.use_async_io_write_samtools=true -Dsamjdk.use_async_io_write_tribble=false -Dsamjdk.compression_level=2 -jar /apps/antwerpen/broadwell/rocky8/GATK/4.3.0.0-GCCcore-11.3.0-Java-11/gatk-package-4.3.0.0-local.jar VariantFiltration -V /user/antwerpen/205/vsc20587/scratch/leishmania_q_wgs/results/bwa//combined_snps.vcf.gz -filter QD < 2.0 --filter-name QD2 -filter QUAL < 200.0 --filter-name QUAL200 -filter SOR > 3.0 --filter-name SOR3 -filter FS > 60.0 --filter-name FS60 -filter MQ < 40.0 --filter-name MQ40 -O /user/antwerpen/205/vsc20587/scratch/leishmania_q_wgs/results/bwa//combined_filter_added_snps.vcf.gz
14:40:18.472 INFO  NativeLibraryLoader - Loading libgkl_compression.so from jar:file:/apps/antwerpen/broadwell/rocky8/GATK/4.3.0.0-GCCcore-11.3.0-Java-11/gatk-package-4.3.0.0-local.jar!/com/intel/gkl/native/libgkl_compression.so
14:40:18.588 INFO  VariantFiltration - ------------------------------------------------------------
14:40:18.635 INFO  VariantFiltration - The Genome Analysis Toolkit (GATK) v4.3.0.0
14:40:18.639 INFO  VariantFiltration - For support and documentation go to https://software.broadinstitute.org/gatk/
14:40:18.654 INFO  VariantFiltration - Executing as vsc20587@r3c03cn2.leibniz on Linux v4.18.0-513.24.1.el8_9.x86_64 amd64
14:40:18.660 INFO  VariantFiltration - Java runtime: OpenJDK 64-Bit Server VM v17.0.6+10
14:40:18.668 INFO  VariantFiltration - Start Date/Time: September 17, 2024 at 2:40:18 PM CEST
14:40:18.672 INFO  VariantFiltration - ------------------------------------------------------------
14:40:18.677 INFO  VariantFiltration - ------------------------------------------------------------
14:40:18.708 INFO  VariantFiltration - HTSJDK Version: 3.0.1
14:40:18.712 INFO  VariantFiltration - Picard Version: 2.27.5
14:40:18.720 INFO  VariantFiltration - Built for Spark Version: 2.4.5
14:40:18.722 INFO  VariantFiltration - HTSJDK Defaults.COMPRESSION_LEVEL : 2
14:40:18.727 INFO  VariantFiltration - HTSJDK Defaults.USE_ASYNC_IO_READ_FOR_SAMTOOLS : false
14:40:18.740 INFO  VariantFiltration - HTSJDK Defaults.USE_ASYNC_IO_WRITE_FOR_SAMTOOLS : true
14:40:18.748 INFO  VariantFiltration - HTSJDK Defaults.USE_ASYNC_IO_WRITE_FOR_TRIBBLE : false
14:40:18.765 INFO  VariantFiltration - Deflater: IntelDeflater
14:40:18.767 INFO  VariantFiltration - Inflater: IntelInflater
14:40:18.771 INFO  VariantFiltration - GCS max retries/reopens: 20
14:40:18.786 INFO  VariantFiltration - Requester pays: disabled
14:40:18.792 INFO  VariantFiltration - Initializing engine
14:40:19.038 INFO  FeatureManager - Using codec VCFCodec to read file file:///user/antwerpen/205/vsc20587/scratch/leishmania_q_wgs/results/bwa/combined_snps.vcf.gz
14:40:19.081 INFO  VariantFiltration - Done initializing engine
14:40:19.232 INFO  ProgressMeter - Starting traversal
14:40:19.329 INFO  ProgressMeter -        Current Locus  Elapsed Minutes    Variants Processed  Variants/Minute
14:40:22.373 WARN  IntelInflater - Zero Bytes Written : 0
14:40:22.488 INFO  ProgressMeter -         Ld36:2693525              0.1                 71344        1356779.7
14:40:22.490 INFO  ProgressMeter - Traversal complete. Processed 71344 total variants in 0.1 minutes.
14:40:22.546 INFO  VariantFiltration - Shutting down engine
[September 17, 2024 at 2:40:22 PM CEST] org.broadinstitute.hellbender.tools.walkers.filters.VariantFiltration done. Elapsed time: 0.07 minutes.
Runtime.totalMemory()=195035136
Using GATK jar /apps/antwerpen/broadwell/rocky8/GATK/4.3.0.0-GCCcore-11.3.0-Java-11/gatk-package-4.3.0.0-local.jar
Running:
    java -Dsamjdk.use_async_io_read_samtools=false -Dsamjdk.use_async_io_write_samtools=true -Dsamjdk.use_async_io_write_tribble=false -Dsamjdk.compression_level=2 -jar /apps/antwerpen/broadwell/rocky8/GATK/4.3.0.0-GCCcore-11.3.0-Java-11/gatk-package-4.3.0.0-local.jar SelectVariants -R /user/antwerpen/205/vsc20587/scratch/leishmania_susl/data/refgenomes/Leishmania_donovani_16Nov2015beta.fa -V /user/antwerpen/205/vsc20587/scratch/leishmania_q_wgs/results/bwa//combined_filter_added_snps.vcf.gz --exclude-filtered true -O /user/antwerpen/205/vsc20587/scratch/leishmania_q_wgs/results/bwa//combined_filtered_snps.vcf.gz
14:40:25.119 INFO  NativeLibraryLoader - Loading libgkl_compression.so from jar:file:/apps/antwerpen/broadwell/rocky8/GATK/4.3.0.0-GCCcore-11.3.0-Java-11/gatk-package-4.3.0.0-local.jar!/com/intel/gkl/native/libgkl_compression.so
14:40:25.265 INFO  SelectVariants - ------------------------------------------------------------
14:40:25.302 INFO  SelectVariants - The Genome Analysis Toolkit (GATK) v4.3.0.0
14:40:25.327 INFO  SelectVariants - For support and documentation go to https://software.broadinstitute.org/gatk/
14:40:25.345 INFO  SelectVariants - Executing as vsc20587@r3c03cn2.leibniz on Linux v4.18.0-513.24.1.el8_9.x86_64 amd64
14:40:25.383 INFO  SelectVariants - Java runtime: OpenJDK 64-Bit Server VM v17.0.6+10
14:40:25.504 INFO  SelectVariants - Start Date/Time: September 17, 2024 at 2:40:25 PM CEST
14:40:25.570 INFO  SelectVariants - ------------------------------------------------------------
14:40:25.604 INFO  SelectVariants - ------------------------------------------------------------
14:40:25.628 INFO  SelectVariants - HTSJDK Version: 3.0.1
14:40:25.715 INFO  SelectVariants - Picard Version: 2.27.5
14:40:25.783 INFO  SelectVariants - Built for Spark Version: 2.4.5
14:40:25.836 INFO  SelectVariants - HTSJDK Defaults.COMPRESSION_LEVEL : 2
14:40:25.858 INFO  SelectVariants - HTSJDK Defaults.USE_ASYNC_IO_READ_FOR_SAMTOOLS : false
14:40:25.870 INFO  SelectVariants - HTSJDK Defaults.USE_ASYNC_IO_WRITE_FOR_SAMTOOLS : true
14:40:25.944 INFO  SelectVariants - HTSJDK Defaults.USE_ASYNC_IO_WRITE_FOR_TRIBBLE : false
14:40:26.003 INFO  SelectVariants - Deflater: IntelDeflater
14:40:26.080 INFO  SelectVariants - Inflater: IntelInflater
14:40:26.116 INFO  SelectVariants - GCS max retries/reopens: 20
14:40:26.167 INFO  SelectVariants - Requester pays: disabled
14:40:26.222 INFO  SelectVariants - Initializing engine
14:40:27.939 INFO  FeatureManager - Using codec VCFCodec to read file file:///user/antwerpen/205/vsc20587/scratch/leishmania_q_wgs/results/bwa/combined_filter_added_snps.vcf.gz
14:40:28.656 INFO  SelectVariants - Done initializing engine
14:40:28.919 INFO  ProgressMeter - Starting traversal
14:40:28.967 INFO  ProgressMeter -        Current Locus  Elapsed Minutes    Variants Processed  Variants/Minute
14:40:31.430 WARN  IntelInflater - Zero Bytes Written : 0
14:40:31.497 INFO  ProgressMeter -         Ld36:2693525              0.0                 71344        1712256.0
14:40:31.560 INFO  ProgressMeter - Traversal complete. Processed 71344 total variants in 0.0 minutes.
14:40:32.075 INFO  SelectVariants - Shutting down engine
[September 17, 2024 at 2:40:32 PM CEST] org.broadinstitute.hellbender.tools.walkers.variantutils.SelectVariants done. Elapsed time: 0.12 minutes.
Runtime.totalMemory()=283115520
Usage: grep [OPTION]... PATTERN [FILE]...
gzip: Try 'grep --help' for more information.
/user/antwerpen/205/vsc20587/scratch/leishmania_q_wgs/results/bwa//combined.filtered.snps.vcf.gz: No such file or directory
Using GATK jar /apps/antwerpen/broadwell/rocky8/GATK/4.3.0.0-GCCcore-11.3.0-Java-11/gatk-package-4.3.0.0-local.jar
Running:
    java -Dsamjdk.use_async_io_read_samtools=false -Dsamjdk.use_async_io_write_samtools=true -Dsamjdk.use_async_io_write_tribble=false -Dsamjdk.compression_level=2 -jar /apps/antwerpen/broadwell/rocky8/GATK/4.3.0.0-GCCcore-11.3.0-Java-11/gatk-package-4.3.0.0-local.jar SelectVariants -V /user/antwerpen/205/vsc20587/scratch/leishmania_q_wgs/results/bwa//combined.vcf.gz -select-type INDEL -O /user/antwerpen/205/vsc20587/scratch/leishmania_q_wgs/results/bwa//combined.indels.vcf.gz
14:40:34.824 INFO  NativeLibraryLoader - Loading libgkl_compression.so from jar:file:/apps/antwerpen/broadwell/rocky8/GATK/4.3.0.0-GCCcore-11.3.0-Java-11/gatk-package-4.3.0.0-local.jar!/com/intel/gkl/native/libgkl_compression.so
14:40:34.943 INFO  SelectVariants - ------------------------------------------------------------
14:40:34.997 INFO  SelectVariants - The Genome Analysis Toolkit (GATK) v4.3.0.0
14:40:35.028 INFO  SelectVariants - For support and documentation go to https://software.broadinstitute.org/gatk/
14:40:35.032 INFO  SelectVariants - Executing as vsc20587@r3c03cn2.leibniz on Linux v4.18.0-513.24.1.el8_9.x86_64 amd64
14:40:35.114 INFO  SelectVariants - Java runtime: OpenJDK 64-Bit Server VM v17.0.6+10
14:40:35.129 INFO  SelectVariants - Start Date/Time: September 17, 2024 at 2:40:34 PM CEST
14:40:35.162 INFO  SelectVariants - ------------------------------------------------------------
14:40:35.166 INFO  SelectVariants - ------------------------------------------------------------
14:40:35.187 INFO  SelectVariants - HTSJDK Version: 3.0.1
14:40:35.221 INFO  SelectVariants - Picard Version: 2.27.5
14:40:35.238 INFO  SelectVariants - Built for Spark Version: 2.4.5
14:40:35.241 INFO  SelectVariants - HTSJDK Defaults.COMPRESSION_LEVEL : 2
14:40:35.248 INFO  SelectVariants - HTSJDK Defaults.USE_ASYNC_IO_READ_FOR_SAMTOOLS : false
14:40:35.277 INFO  SelectVariants - HTSJDK Defaults.USE_ASYNC_IO_WRITE_FOR_SAMTOOLS : true
14:40:35.280 INFO  SelectVariants - HTSJDK Defaults.USE_ASYNC_IO_WRITE_FOR_TRIBBLE : false
14:40:35.288 INFO  SelectVariants - Deflater: IntelDeflater
14:40:35.293 INFO  SelectVariants - Inflater: IntelInflater
14:40:35.296 INFO  SelectVariants - GCS max retries/reopens: 20
14:40:35.377 INFO  SelectVariants - Requester pays: disabled
14:40:35.397 INFO  SelectVariants - Initializing engine
14:40:35.893 INFO  FeatureManager - Using codec VCFCodec to read file file:///user/antwerpen/205/vsc20587/scratch/leishmania_q_wgs/results/bwa/combined.vcf.gz
14:40:35.945 INFO  SelectVariants - Done initializing engine
14:40:36.080 INFO  ProgressMeter - Starting traversal
14:40:36.147 INFO  ProgressMeter -        Current Locus  Elapsed Minutes    Variants Processed  Variants/Minute
14:40:38.526 WARN  IntelInflater - Zero Bytes Written : 0
14:40:38.531 INFO  ProgressMeter -         Ld36:2387620              0.0                 25370         646918.8
14:40:38.532 INFO  ProgressMeter - Traversal complete. Processed 25370 total variants in 0.0 minutes.
14:40:38.629 INFO  SelectVariants - Shutting down engine
[September 17, 2024 at 2:40:38 PM CEST] org.broadinstitute.hellbender.tools.walkers.variantutils.SelectVariants done. Elapsed time: 0.06 minutes.
Runtime.totalMemory()=304087040
Usage: grep [OPTION]... PATTERN [FILE]...
Try 'grep --help' for more information.
gzip: /user/antwerpen/205/vsc20587/scratch/leishmania_q_wgs/results/bwa//.indels.vcf.gz: No such file or directory
/var/spool/slurmd/job1762611/slurm_script: line 55: 2.0: No such file or directory
Using GATK jar /apps/antwerpen/broadwell/rocky8/GATK/4.3.0.0-GCCcore-11.3.0-Java-11/gatk-package-4.3.0.0-local.jar
Running:
    java -Dsamjdk.use_async_io_read_samtools=false -Dsamjdk.use_async_io_write_samtools=true -Dsamjdk.use_async_io_write_tribble=false -Dsamjdk.compression_level=2 -jar /apps/antwerpen/broadwell/rocky8/GATK/4.3.0.0-GCCcore-11.3.0-Java-11/gatk-package-4.3.0.0-local.jar SelectVariants -R /user/antwerpen/205/vsc20587/scratch/leishmania_susl/data/refgenomes/Leishmania_donovani_16Nov2015beta.fa -V /user/antwerpen/205/vsc20587/scratch/leishmania_q_wgs/results/bwa//combined.filter_added.indels.vcf.gz --exclude-filtered true -O /user/antwerpen/205/vsc20587/scratch/leishmania_q_wgs/results/bwa//combined.filtered.indels.vcf.gz
14:40:40.826 INFO  NativeLibraryLoader - Loading libgkl_compression.so from jar:file:/apps/antwerpen/broadwell/rocky8/GATK/4.3.0.0-GCCcore-11.3.0-Java-11/gatk-package-4.3.0.0-local.jar!/com/intel/gkl/native/libgkl_compression.so
14:40:40.939 INFO  SelectVariants - ------------------------------------------------------------
14:40:40.950 INFO  SelectVariants - The Genome Analysis Toolkit (GATK) v4.3.0.0
14:40:40.953 INFO  SelectVariants - For support and documentation go to https://software.broadinstitute.org/gatk/
14:40:40.958 INFO  SelectVariants - Executing as vsc20587@r3c03cn2.leibniz on Linux v4.18.0-513.24.1.el8_9.x86_64 amd64
14:40:41.010 INFO  SelectVariants - Java runtime: OpenJDK 64-Bit Server VM v17.0.6+10
14:40:41.016 INFO  SelectVariants - Start Date/Time: September 17, 2024 at 2:40:40 PM CEST
14:40:41.024 INFO  SelectVariants - ------------------------------------------------------------
14:40:41.026 INFO  SelectVariants - ------------------------------------------------------------
14:40:41.029 INFO  SelectVariants - HTSJDK Version: 3.0.1
14:40:41.086 INFO  SelectVariants - Picard Version: 2.27.5
14:40:41.091 INFO  SelectVariants - Built for Spark Version: 2.4.5
14:40:41.094 INFO  SelectVariants - HTSJDK Defaults.COMPRESSION_LEVEL : 2
14:40:41.097 INFO  SelectVariants - HTSJDK Defaults.USE_ASYNC_IO_READ_FOR_SAMTOOLS : false
14:40:41.100 INFO  SelectVariants - HTSJDK Defaults.USE_ASYNC_IO_WRITE_FOR_SAMTOOLS : true
14:40:41.100 INFO  SelectVariants - HTSJDK Defaults.USE_ASYNC_IO_WRITE_FOR_TRIBBLE : false
14:40:41.101 INFO  SelectVariants - Deflater: IntelDeflater
14:40:41.102 INFO  SelectVariants - Inflater: IntelInflater
14:40:41.103 INFO  SelectVariants - GCS max retries/reopens: 20
14:40:41.105 INFO  SelectVariants - Requester pays: disabled
14:40:41.106 INFO  SelectVariants - Initializing engine
14:40:41.440 INFO  SelectVariants - Shutting down engine
[September 17, 2024 at 2:40:41 PM CEST] org.broadinstitute.hellbender.tools.walkers.variantutils.SelectVariants done. Elapsed time: 0.01 minutes.
Runtime.totalMemory()=130023424
***********************************************************************

A USER ERROR has occurred: Couldn't read file file:///user/antwerpen/205/vsc20587/scratch/leishmania_q_wgs/results/bwa/combined.filter_added.indels.vcf.gz. Error was: It doesn't exist.

***********************************************************************
Set the system property GATK_STACKTRACE_ON_USER_EXCEPTION (--java-options '-DGATK_STACKTRACE_ON_USER_EXCEPTION=true') to print the stack trace.
Usage: grep [OPTION]... PATTERN [FILE]...
Try 'grep --help' for more information.
gzip: /user/antwerpen/205/vsc20587/scratch/leishmania_q_wgs/results/bwa//combined.filtered.indels.vcf.gz: No such file or directory
INFO	2024-09-17 14:40:42	SortVcf	

********** NOTE: Picard's command line syntax is changing.
**********
********** For more information, please see:
********** https://github.com/broadinstitute/picard/wiki/Command-Line-Syntax-Transition-For-Users-(Pre-Transition)
**********
********** The command line looks like this in the new syntax:
**********
**********    SortVcf -I /user/antwerpen/205/vsc20587/scratch/leishmania_q_wgs/results/bwa//combined.filtered.snps.vcf.gz -I /user/antwerpen/205/vsc20587/scratch/leishmania_q_wgs/results/bwa//combined.filtered.indels.vcf.gz -O /user/antwerpen/205/vsc20587/scratch/leishmania_q_wgs/results/bwa//combined.filtered.vcf.gz
**********


14:40:42.703 INFO  NativeLibraryLoader - Loading libgkl_compression.so from jar:file:/data/antwerpen/205/vsc20587/software/picard/picard.jar!/com/intel/gkl/native/libgkl_compression.so
[Tue Sep 17 14:40:42 CEST 2024] SortVcf INPUT=[/user/antwerpen/205/vsc20587/scratch/leishmania_q_wgs/results/bwa/combined.filtered.snps.vcf.gz, /user/antwerpen/205/vsc20587/scratch/leishmania_q_wgs/results/bwa/combined.filtered.indels.vcf.gz] OUTPUT=/user/antwerpen/205/vsc20587/scratch/leishmania_q_wgs/results/bwa/combined.filtered.vcf.gz    VERBOSITY=INFO QUIET=false VALIDATION_STRINGENCY=STRICT COMPRESSION_LEVEL=5 MAX_RECORDS_IN_RAM=500000 CREATE_INDEX=true CREATE_MD5_FILE=false GA4GH_CLIENT_SECRETS=client_secrets.json USE_JDK_DEFLATER=false USE_JDK_INFLATER=false
[Tue Sep 17 14:40:42 CEST 2024] Executing as vsc20587@r3c03cn2.leibniz on Linux 4.18.0-513.24.1.el8_9.x86_64 amd64; OpenJDK 64-Bit Server VM 17.0.6+10; Deflater: Intel; Inflater: Intel; Provider GCS is not available; Picard version: 2.22.4
[Tue Sep 17 14:40:42 CEST 2024] picard.vcf.SortVcf done. Elapsed time: 0.00 minutes.
Runtime.totalMemory()=272629760
To get help, see http://broadinstitute.github.io/picard/index.html#GettingHelp
Exception in thread "main" htsjdk.samtools.SAMException: Cannot read non-existent file: file:///user/antwerpen/205/vsc20587/scratch/leishmania_q_wgs/results/bwa/combined.filtered.snps.vcf.gz
	at htsjdk.samtools.util.IOUtil.assertFileIsReadable(IOUtil.java:498)
	at htsjdk.samtools.util.IOUtil.assertFileIsReadable(IOUtil.java:485)
	at picard.vcf.SortVcf.doWork(SortVcf.java:81)
	at picard.cmdline.CommandLineProgram.instanceMain(CommandLineProgram.java:305)
	at picard.cmdline.PicardCommandLine.instanceMain(PicardCommandLine.java:103)
	at picard.cmdline.PicardCommandLine.main(PicardCommandLine.java:113)
